<component name="libraryTable">
  <library name="junit-jupiter-5.4.0">
    <CLASSES>
      <root url="jar://$PROJECT_DIR$/lib/junit-jupiter-5.4.0.jar!/" />
    </CLASSES>
    <JAVADOC />
    <SOURCES />
  </library>
</component>